<?xml version="1.0" encoding="UTF-8"?>
<testsuite name="com.abcbankinfo.bankapp.services.BankServiceTest" tests="1" skipped="0" failures="0" errors="0" timestamp="2018-11-06T19:57:46" hostname="cdelabs-OptiPlex-7060" time="0.052">
  <properties/>
  <testcase name="getBalanceReturnsBalanceOfAccount" classname="com.abcbankinfo.bankapp.services.BankServiceTest" time="0.052"/>
  <system-out><![CDATA[]]></system-out>
  <system-err><![CDATA[]]></system-err>
</testsuite>
