<?xml version="1.0" encoding="UTF-8"?>
<testsuite name="com.abcbankinfo.bankapp.controller.BankControllerTest" tests="3" skipped="0" failures="0" errors="0" timestamp="2018-11-06T19:57:46" hostname="cdelabs-OptiPlex-7060" time="0.248">
  <properties/>
  <testcase name="depositReturnsRemainingBalanceOfAccount" classname="com.abcbankinfo.bankapp.controller.BankControllerTest" time="0.247"/>
  <testcase name="withdrawlReturnsRemainingBalanceOfAccount" classname="com.abcbankinfo.bankapp.controller.BankControllerTest" time="0.001"/>
  <testcase name="getBalanceReturnsBalanceOfAccount" classname="com.abcbankinfo.bankapp.controller.BankControllerTest" time="0.0"/>
  <system-out><![CDATA[]]></system-out>
  <system-err><![CDATA[]]></system-err>
</testsuite>
